2025-03-17 14:16:40,449 - INFO - HTTP Request: POST https://api.telegram.org/bot7485656740:AAFZKdSJ44I-2c72wcsu0Cc1nainIgGA9I8/getMe "HTTP/1.1 200 OK"
2025-03-17 14:16:40,527 - INFO - HTTP Request: POST https://api.telegram.org/bot7485656740:AAFZKdSJ44I-2c72wcsu0Cc1nainIgGA9I8/deleteWebhook "HTTP/1.1 200 OK"
2025-03-17 14:16:40,536 - INFO - Application started
2025-03-17 14:16:40,681 - INFO - HTTP Request: POST https://api.telegram.org/bot7485656740:AAFZKdSJ44I-2c72wcsu0Cc1nainIgGA9I8/getUpdates "HTTP/1.1 200 OK"
2025-03-17 14:16:40,762 - INFO - HTTP Request: POST https://api.telegram.org/bot7485656740:AAFZKdSJ44I-2c72wcsu0Cc1nainIgGA9I8/sendMessage "HTTP/1.1 200 OK"
2025-03-17 14:16:49,787 - INFO - HTTP Request: POST https://api.telegram.org/bot7485656740:AAFZKdSJ44I-2c72wcsu0Cc1nainIgGA9I8/getUpdates "HTTP/1.1 200 OK"
2025-03-17 14:16:49,938 - INFO - HTTP Request: POST https://api.telegram.org/bot7485656740:AAFZKdSJ44I-2c72wcsu0Cc1nainIgGA9I8/answerCallbackQuery "HTTP/1.1 200 OK"
2025-03-17 14:16:50,016 - INFO - HTTP Request: POST https://api.telegram.org/bot7485656740:AAFZKdSJ44I-2c72wcsu0Cc1nainIgGA9I8/sendMessage "HTTP/1.1 200 OK"
2025-03-17 14:18:04,112 - INFO - Данные успешно загружены из файла.
2025-03-17 14:18:04,119 - INFO - HTTP Request: POST https://api.telegram.org/bot7485656740:AAFZKdSJ44I-2c72wcsu0Cc1nainIgGA9I8/getUpdates "HTTP/1.1 200 OK"
2025-03-17 14:18:04,324 - INFO - HTTP Request: POST https://api.telegram.org/bot7485656740:AAFZKdSJ44I-2c72wcsu0Cc1nainIgGA9I8/sendMessage "HTTP/1.1 200 OK"
2025-03-17 14:18:04,358 - ERROR - Ошибка при чтении файла 'C:\Users\Administrator\Desktop\BOToWARnyPRIMEIT\BOTANAL(auto)\data\parking_mapping.csv': name 'csv' is not defined
2025-03-17 14:18:04,376 - INFO - Данные о парковках успешно загружены.
2025-03-17 14:18:04,478 - INFO - HTTP Request: POST https://api.telegram.org/bot7485656740:AAFZKdSJ44I-2c72wcsu0Cc1nainIgGA9I8/sendMessage "HTTP/1.1 200 OK"
2025-03-17 14:18:04,521 - ERROR - Ошибка при чтении файла 'C:\Users\Administrator\Desktop\BOToWARnyPRIMEIT\BOTANAL(auto)\data\carrier_mapping.csv': name 'csv' is not defined
2025-03-17 14:18:04,542 - INFO - Данные о перевозчиках успешно загружены.
2025-03-17 14:18:04,647 - INFO - HTTP Request: POST https://api.telegram.org/bot7485656740:AAFZKdSJ44I-2c72wcsu0Cc1nainIgGA9I8/sendMessage "HTTP/1.1 200 OK"
2025-03-17 14:18:04,753 - INFO - HTTP Request: POST https://api.telegram.org/bot7485656740:AAFZKdSJ44I-2c72wcsu0Cc1nainIgGA9I8/sendMessage "HTTP/1.1 200 OK"
2025-03-17 14:18:04,802 - INFO - Файл сохранен: C:\Users\Administrator\Desktop\BOToWARnyPRIMEIT\BOTANAL(auto)\data\Путевые листы поставщиков (13).xlsx
2025-03-17 14:18:08,714 - INFO - HTTP Request: POST https://api.telegram.org/bot7485656740:AAFZKdSJ44I-2c72wcsu0Cc1nainIgGA9I8/getUpdates "HTTP/1.1 200 OK"
2025-03-17 14:18:08,836 - INFO - HTTP Request: POST https://api.telegram.org/bot7485656740:AAFZKdSJ44I-2c72wcsu0Cc1nainIgGA9I8/sendMessage "HTTP/1.1 200 OK"
2025-03-17 14:18:18,796 - INFO - HTTP Request: POST https://api.telegram.org/bot7485656740:AAFZKdSJ44I-2c72wcsu0Cc1nainIgGA9I8/getUpdates "HTTP/1.1 200 OK"
2025-03-17 14:18:28,877 - INFO - HTTP Request: POST https://api.telegram.org/bot7485656740:AAFZKdSJ44I-2c72wcsu0Cc1nainIgGA9I8/getUpdates "HTTP/1.1 200 OK"
2025-03-17 14:18:38,968 - INFO - HTTP Request: POST https://api.telegram.org/bot7485656740:AAFZKdSJ44I-2c72wcsu0Cc1nainIgGA9I8/getUpdates "HTTP/1.1 200 OK"
2025-03-17 14:18:49,054 - INFO - HTTP Request: POST https://api.telegram.org/bot7485656740:AAFZKdSJ44I-2c72wcsu0Cc1nainIgGA9I8/getUpdates "HTTP/1.1 200 OK"
2025-03-17 14:18:59,121 - INFO - HTTP Request: POST https://api.telegram.org/bot7485656740:AAFZKdSJ44I-2c72wcsu0Cc1nainIgGA9I8/getUpdates "HTTP/1.1 200 OK"
2025-03-17 14:19:09,189 - INFO - HTTP Request: POST https://api.telegram.org/bot7485656740:AAFZKdSJ44I-2c72wcsu0Cc1nainIgGA9I8/getUpdates "HTTP/1.1 200 OK"
2025-03-17 14:19:19,261 - INFO - HTTP Request: POST https://api.telegram.org/bot7485656740:AAFZKdSJ44I-2c72wcsu0Cc1nainIgGA9I8/getUpdates "HTTP/1.1 200 OK"
2025-03-17 14:19:29,357 - INFO - HTTP Request: POST https://api.telegram.org/bot7485656740:AAFZKdSJ44I-2c72wcsu0Cc1nainIgGA9I8/getUpdates "HTTP/1.1 200 OK"
2025-03-17 14:19:39,426 - INFO - HTTP Request: POST https://api.telegram.org/bot7485656740:AAFZKdSJ44I-2c72wcsu0Cc1nainIgGA9I8/getUpdates "HTTP/1.1 200 OK"
2025-03-17 14:19:49,529 - INFO - HTTP Request: POST https://api.telegram.org/bot7485656740:AAFZKdSJ44I-2c72wcsu0Cc1nainIgGA9I8/getUpdates "HTTP/1.1 200 OK"
2025-03-17 14:19:56,750 - INFO - HTTP Request: POST https://api.telegram.org/bot7485656740:AAFZKdSJ44I-2c72wcsu0Cc1nainIgGA9I8/getMe "HTTP/1.1 200 OK"
2025-03-17 14:19:56,829 - INFO - HTTP Request: POST https://api.telegram.org/bot7485656740:AAFZKdSJ44I-2c72wcsu0Cc1nainIgGA9I8/deleteWebhook "HTTP/1.1 200 OK"
2025-03-17 14:19:56,851 - INFO - Application started
2025-03-17 14:19:59,272 - INFO - HTTP Request: POST https://api.telegram.org/bot7485656740:AAFZKdSJ44I-2c72wcsu0Cc1nainIgGA9I8/getUpdates "HTTP/1.1 200 OK"
2025-03-17 14:19:59,422 - INFO - HTTP Request: POST https://api.telegram.org/bot7485656740:AAFZKdSJ44I-2c72wcsu0Cc1nainIgGA9I8/sendMessage "HTTP/1.1 200 OK"
2025-03-17 14:20:00,878 - INFO - HTTP Request: POST https://api.telegram.org/bot7485656740:AAFZKdSJ44I-2c72wcsu0Cc1nainIgGA9I8/getUpdates "HTTP/1.1 200 OK"
2025-03-17 14:20:00,992 - INFO - HTTP Request: POST https://api.telegram.org/bot7485656740:AAFZKdSJ44I-2c72wcsu0Cc1nainIgGA9I8/answerCallbackQuery "HTTP/1.1 200 OK"
2025-03-17 14:20:01,167 - INFO - HTTP Request: POST https://api.telegram.org/bot7485656740:AAFZKdSJ44I-2c72wcsu0Cc1nainIgGA9I8/sendMessage "HTTP/1.1 200 OK"
2025-03-17 14:21:15,645 - INFO - Данные успешно загружены из файла.
2025-03-17 14:21:15,664 - INFO - HTTP Request: POST https://api.telegram.org/bot7485656740:AAFZKdSJ44I-2c72wcsu0Cc1nainIgGA9I8/getUpdates "HTTP/1.1 200 OK"
2025-03-17 14:21:15,915 - INFO - HTTP Request: POST https://api.telegram.org/bot7485656740:AAFZKdSJ44I-2c72wcsu0Cc1nainIgGA9I8/sendMessage "HTTP/1.1 200 OK"
2025-03-17 14:21:15,941 - INFO - Файл соответствия парковок успешно прочитан. Количество маршрутов: 64
2025-03-17 14:21:15,960 - INFO - Данные о парковках успешно загружены.
2025-03-17 14:21:16,120 - INFO - HTTP Request: POST https://api.telegram.org/bot7485656740:AAFZKdSJ44I-2c72wcsu0Cc1nainIgGA9I8/sendMessage "HTTP/1.1 200 OK"
2025-03-17 14:21:16,147 - INFO - Файл соответствия перевозчиков успешно прочитан. Количество маршрутов: 46
2025-03-17 14:21:16,167 - INFO - Данные о перевозчиках успешно загружены.
2025-03-17 14:21:16,342 - INFO - HTTP Request: POST https://api.telegram.org/bot7485656740:AAFZKdSJ44I-2c72wcsu0Cc1nainIgGA9I8/sendMessage "HTTP/1.1 200 OK"
2025-03-17 14:21:16,573 - INFO - HTTP Request: POST https://api.telegram.org/bot7485656740:AAFZKdSJ44I-2c72wcsu0Cc1nainIgGA9I8/sendMessage "HTTP/1.1 200 OK"
2025-03-17 14:21:16,635 - INFO - Файл сохранен: C:\Users\Administrator\Desktop\BOToWARnyPRIMEIT\BOTANAL(auto)\data\Путевые листы поставщиков (14).xlsx
2025-03-17 14:21:21,520 - INFO - HTTP Request: POST https://api.telegram.org/bot7485656740:AAFZKdSJ44I-2c72wcsu0Cc1nainIgGA9I8/getUpdates "HTTP/1.1 200 OK"
2025-03-17 14:21:21,608 - INFO - HTTP Request: POST https://api.telegram.org/bot7485656740:AAFZKdSJ44I-2c72wcsu0Cc1nainIgGA9I8/sendMessage "HTTP/1.1 200 OK"
2025-03-17 14:21:31,592 - INFO - HTTP Request: POST https://api.telegram.org/bot7485656740:AAFZKdSJ44I-2c72wcsu0Cc1nainIgGA9I8/getUpdates "HTTP/1.1 200 OK"
2025-03-17 14:21:41,721 - INFO - HTTP Request: POST https://api.telegram.org/bot7485656740:AAFZKdSJ44I-2c72wcsu0Cc1nainIgGA9I8/getUpdates "HTTP/1.1 200 OK"
2025-03-17 14:21:51,787 - INFO - HTTP Request: POST https://api.telegram.org/bot7485656740:AAFZKdSJ44I-2c72wcsu0Cc1nainIgGA9I8/getUpdates "HTTP/1.1 200 OK"
2025-03-17 14:22:01,900 - INFO - HTTP Request: POST https://api.telegram.org/bot7485656740:AAFZKdSJ44I-2c72wcsu0Cc1nainIgGA9I8/getUpdates "HTTP/1.1 200 OK"
2025-03-17 14:22:11,965 - INFO - HTTP Request: POST https://api.telegram.org/bot7485656740:AAFZKdSJ44I-2c72wcsu0Cc1nainIgGA9I8/getUpdates "HTTP/1.1 200 OK"
2025-03-17 14:22:22,087 - INFO - HTTP Request: POST https://api.telegram.org/bot7485656740:AAFZKdSJ44I-2c72wcsu0Cc1nainIgGA9I8/getUpdates "HTTP/1.1 200 OK"
2025-03-17 14:22:32,217 - INFO - HTTP Request: POST https://api.telegram.org/bot7485656740:AAFZKdSJ44I-2c72wcsu0Cc1nainIgGA9I8/getUpdates "HTTP/1.1 200 OK"
2025-03-17 14:22:42,326 - INFO - HTTP Request: POST https://api.telegram.org/bot7485656740:AAFZKdSJ44I-2c72wcsu0Cc1nainIgGA9I8/getUpdates "HTTP/1.1 200 OK"
2025-03-17 14:22:52,392 - INFO - HTTP Request: POST https://api.telegram.org/bot7485656740:AAFZKdSJ44I-2c72wcsu0Cc1nainIgGA9I8/getUpdates "HTTP/1.1 200 OK"
2025-03-17 14:23:02,459 - INFO - HTTP Request: POST https://api.telegram.org/bot7485656740:AAFZKdSJ44I-2c72wcsu0Cc1nainIgGA9I8/getUpdates "HTTP/1.1 200 OK"
2025-03-17 14:23:12,564 - INFO - HTTP Request: POST https://api.telegram.org/bot7485656740:AAFZKdSJ44I-2c72wcsu0Cc1nainIgGA9I8/getUpdates "HTTP/1.1 200 OK"
2025-03-17 14:23:22,663 - INFO - HTTP Request: POST https://api.telegram.org/bot7485656740:AAFZKdSJ44I-2c72wcsu0Cc1nainIgGA9I8/getUpdates "HTTP/1.1 200 OK"
2025-03-17 14:23:32,765 - INFO - HTTP Request: POST https://api.telegram.org/bot7485656740:AAFZKdSJ44I-2c72wcsu0Cc1nainIgGA9I8/getUpdates "HTTP/1.1 200 OK"
2025-03-17 14:23:42,833 - INFO - HTTP Request: POST https://api.telegram.org/bot7485656740:AAFZKdSJ44I-2c72wcsu0Cc1nainIgGA9I8/getUpdates "HTTP/1.1 200 OK"
2025-03-17 14:23:52,899 - INFO - HTTP Request: POST https://api.telegram.org/bot7485656740:AAFZKdSJ44I-2c72wcsu0Cc1nainIgGA9I8/getUpdates "HTTP/1.1 200 OK"
2025-03-17 14:24:03,016 - INFO - HTTP Request: POST https://api.telegram.org/bot7485656740:AAFZKdSJ44I-2c72wcsu0Cc1nainIgGA9I8/getUpdates "HTTP/1.1 200 OK"
2025-03-17 14:24:13,118 - INFO - HTTP Request: POST https://api.telegram.org/bot7485656740:AAFZKdSJ44I-2c72wcsu0Cc1nainIgGA9I8/getUpdates "HTTP/1.1 200 OK"
2025-03-17 14:24:23,184 - INFO - HTTP Request: POST https://api.telegram.org/bot7485656740:AAFZKdSJ44I-2c72wcsu0Cc1nainIgGA9I8/getUpdates "HTTP/1.1 200 OK"
2025-03-17 14:24:33,248 - INFO - HTTP Request: POST https://api.telegram.org/bot7485656740:AAFZKdSJ44I-2c72wcsu0Cc1nainIgGA9I8/getUpdates "HTTP/1.1 200 OK"
2025-03-17 14:24:43,313 - INFO - HTTP Request: POST https://api.telegram.org/bot7485656740:AAFZKdSJ44I-2c72wcsu0Cc1nainIgGA9I8/getUpdates "HTTP/1.1 200 OK"
2025-03-17 14:24:53,446 - INFO - HTTP Request: POST https://api.telegram.org/bot7485656740:AAFZKdSJ44I-2c72wcsu0Cc1nainIgGA9I8/getUpdates "HTTP/1.1 200 OK"
2025-03-17 14:25:03,553 - INFO - HTTP Request: POST https://api.telegram.org/bot7485656740:AAFZKdSJ44I-2c72wcsu0Cc1nainIgGA9I8/getUpdates "HTTP/1.1 200 OK"
2025-03-17 14:25:13,620 - INFO - HTTP Request: POST https://api.telegram.org/bot7485656740:AAFZKdSJ44I-2c72wcsu0Cc1nainIgGA9I8/getUpdates "HTTP/1.1 200 OK"
2025-03-17 14:25:23,687 - INFO - HTTP Request: POST https://api.telegram.org/bot7485656740:AAFZKdSJ44I-2c72wcsu0Cc1nainIgGA9I8/getUpdates "HTTP/1.1 200 OK"
2025-03-17 14:25:33,754 - INFO - HTTP Request: POST https://api.telegram.org/bot7485656740:AAFZKdSJ44I-2c72wcsu0Cc1nainIgGA9I8/getUpdates "HTTP/1.1 200 OK"
2025-03-17 14:25:43,852 - INFO - HTTP Request: POST https://api.telegram.org/bot7485656740:AAFZKdSJ44I-2c72wcsu0Cc1nainIgGA9I8/getUpdates "HTTP/1.1 200 OK"
2025-03-17 14:25:53,915 - INFO - HTTP Request: POST https://api.telegram.org/bot7485656740:AAFZKdSJ44I-2c72wcsu0Cc1nainIgGA9I8/getUpdates "HTTP/1.1 200 OK"
2025-03-17 14:26:04,003 - INFO - HTTP Request: POST https://api.telegram.org/bot7485656740:AAFZKdSJ44I-2c72wcsu0Cc1nainIgGA9I8/getUpdates "HTTP/1.1 200 OK"
2025-03-17 14:26:14,068 - INFO - HTTP Request: POST https://api.telegram.org/bot7485656740:AAFZKdSJ44I-2c72wcsu0Cc1nainIgGA9I8/getUpdates "HTTP/1.1 200 OK"
2025-03-17 14:26:24,175 - INFO - HTTP Request: POST https://api.telegram.org/bot7485656740:AAFZKdSJ44I-2c72wcsu0Cc1nainIgGA9I8/getUpdates "HTTP/1.1 200 OK"
2025-03-17 14:26:34,264 - INFO - HTTP Request: POST https://api.telegram.org/bot7485656740:AAFZKdSJ44I-2c72wcsu0Cc1nainIgGA9I8/getUpdates "HTTP/1.1 200 OK"
2025-03-17 14:26:44,381 - INFO - HTTP Request: POST https://api.telegram.org/bot7485656740:AAFZKdSJ44I-2c72wcsu0Cc1nainIgGA9I8/getUpdates "HTTP/1.1 200 OK"
2025-03-17 14:26:54,447 - INFO - HTTP Request: POST https://api.telegram.org/bot7485656740:AAFZKdSJ44I-2c72wcsu0Cc1nainIgGA9I8/getUpdates "HTTP/1.1 200 OK"
2025-03-17 14:27:04,567 - INFO - HTTP Request: POST https://api.telegram.org/bot7485656740:AAFZKdSJ44I-2c72wcsu0Cc1nainIgGA9I8/getUpdates "HTTP/1.1 200 OK"
2025-03-17 14:27:14,640 - INFO - HTTP Request: POST https://api.telegram.org/bot7485656740:AAFZKdSJ44I-2c72wcsu0Cc1nainIgGA9I8/getUpdates "HTTP/1.1 200 OK"
2025-03-17 14:27:24,707 - INFO - HTTP Request: POST https://api.telegram.org/bot7485656740:AAFZKdSJ44I-2c72wcsu0Cc1nainIgGA9I8/getUpdates "HTTP/1.1 200 OK"
2025-03-17 14:27:34,812 - INFO - HTTP Request: POST https://api.telegram.org/bot7485656740:AAFZKdSJ44I-2c72wcsu0Cc1nainIgGA9I8/getUpdates "HTTP/1.1 200 OK"
2025-03-17 14:27:44,894 - INFO - HTTP Request: POST https://api.telegram.org/bot7485656740:AAFZKdSJ44I-2c72wcsu0Cc1nainIgGA9I8/getUpdates "HTTP/1.1 200 OK"
2025-03-17 14:27:54,957 - INFO - HTTP Request: POST https://api.telegram.org/bot7485656740:AAFZKdSJ44I-2c72wcsu0Cc1nainIgGA9I8/getUpdates "HTTP/1.1 200 OK"
2025-03-17 14:28:05,022 - INFO - HTTP Request: POST https://api.telegram.org/bot7485656740:AAFZKdSJ44I-2c72wcsu0Cc1nainIgGA9I8/getUpdates "HTTP/1.1 200 OK"
2025-03-17 14:28:15,089 - INFO - HTTP Request: POST https://api.telegram.org/bot7485656740:AAFZKdSJ44I-2c72wcsu0Cc1nainIgGA9I8/getUpdates "HTTP/1.1 200 OK"
2025-03-17 14:28:25,208 - INFO - HTTP Request: POST https://api.telegram.org/bot7485656740:AAFZKdSJ44I-2c72wcsu0Cc1nainIgGA9I8/getUpdates "HTTP/1.1 200 OK"
2025-03-17 14:28:35,319 - INFO - HTTP Request: POST https://api.telegram.org/bot7485656740:AAFZKdSJ44I-2c72wcsu0Cc1nainIgGA9I8/getUpdates "HTTP/1.1 200 OK"
2025-03-17 14:28:45,406 - INFO - HTTP Request: POST https://api.telegram.org/bot7485656740:AAFZKdSJ44I-2c72wcsu0Cc1nainIgGA9I8/getUpdates "HTTP/1.1 200 OK"
2025-03-17 14:28:55,471 - INFO - HTTP Request: POST https://api.telegram.org/bot7485656740:AAFZKdSJ44I-2c72wcsu0Cc1nainIgGA9I8/getUpdates "HTTP/1.1 200 OK"
2025-03-17 14:29:05,572 - INFO - HTTP Request: POST https://api.telegram.org/bot7485656740:AAFZKdSJ44I-2c72wcsu0Cc1nainIgGA9I8/getUpdates "HTTP/1.1 200 OK"
2025-03-17 14:29:15,649 - INFO - HTTP Request: POST https://api.telegram.org/bot7485656740:AAFZKdSJ44I-2c72wcsu0Cc1nainIgGA9I8/getUpdates "HTTP/1.1 200 OK"
2025-03-17 14:29:25,758 - INFO - HTTP Request: POST https://api.telegram.org/bot7485656740:AAFZKdSJ44I-2c72wcsu0Cc1nainIgGA9I8/getUpdates "HTTP/1.1 200 OK"
2025-03-17 14:29:35,852 - INFO - HTTP Request: POST https://api.telegram.org/bot7485656740:AAFZKdSJ44I-2c72wcsu0Cc1nainIgGA9I8/getUpdates "HTTP/1.1 200 OK"
2025-03-17 14:29:45,920 - INFO - HTTP Request: POST https://api.telegram.org/bot7485656740:AAFZKdSJ44I-2c72wcsu0Cc1nainIgGA9I8/getUpdates "HTTP/1.1 200 OK"
2025-03-17 14:29:55,985 - INFO - HTTP Request: POST https://api.telegram.org/bot7485656740:AAFZKdSJ44I-2c72wcsu0Cc1nainIgGA9I8/getUpdates "HTTP/1.1 200 OK"
2025-03-17 14:30:06,095 - INFO - HTTP Request: POST https://api.telegram.org/bot7485656740:AAFZKdSJ44I-2c72wcsu0Cc1nainIgGA9I8/getUpdates "HTTP/1.1 200 OK"
2025-03-17 14:30:16,176 - INFO - HTTP Request: POST https://api.telegram.org/bot7485656740:AAFZKdSJ44I-2c72wcsu0Cc1nainIgGA9I8/getUpdates "HTTP/1.1 200 OK"
2025-03-17 14:30:26,306 - INFO - HTTP Request: POST https://api.telegram.org/bot7485656740:AAFZKdSJ44I-2c72wcsu0Cc1nainIgGA9I8/getUpdates "HTTP/1.1 200 OK"
2025-03-17 14:30:36,420 - INFO - HTTP Request: POST https://api.telegram.org/bot7485656740:AAFZKdSJ44I-2c72wcsu0Cc1nainIgGA9I8/getUpdates "HTTP/1.1 200 OK"
2025-03-17 14:30:46,509 - INFO - HTTP Request: POST https://api.telegram.org/bot7485656740:AAFZKdSJ44I-2c72wcsu0Cc1nainIgGA9I8/getUpdates "HTTP/1.1 200 OK"
2025-03-17 14:30:56,579 - INFO - HTTP Request: POST https://api.telegram.org/bot7485656740:AAFZKdSJ44I-2c72wcsu0Cc1nainIgGA9I8/getUpdates "HTTP/1.1 200 OK"
2025-03-17 14:31:06,651 - INFO - HTTP Request: POST https://api.telegram.org/bot7485656740:AAFZKdSJ44I-2c72wcsu0Cc1nainIgGA9I8/getUpdates "HTTP/1.1 200 OK"
2025-03-17 14:31:16,722 - INFO - HTTP Request: POST https://api.telegram.org/bot7485656740:AAFZKdSJ44I-2c72wcsu0Cc1nainIgGA9I8/getUpdates "HTTP/1.1 200 OK"
2025-03-17 14:31:26,803 - INFO - HTTP Request: POST https://api.telegram.org/bot7485656740:AAFZKdSJ44I-2c72wcsu0Cc1nainIgGA9I8/getUpdates "HTTP/1.1 200 OK"
2025-03-17 14:31:36,881 - INFO - HTTP Request: POST https://api.telegram.org/bot7485656740:AAFZKdSJ44I-2c72wcsu0Cc1nainIgGA9I8/getUpdates "HTTP/1.1 200 OK"
2025-03-17 14:31:46,946 - INFO - HTTP Request: POST https://api.telegram.org/bot7485656740:AAFZKdSJ44I-2c72wcsu0Cc1nainIgGA9I8/getUpdates "HTTP/1.1 200 OK"
2025-03-17 14:31:57,012 - INFO - HTTP Request: POST https://api.telegram.org/bot7485656740:AAFZKdSJ44I-2c72wcsu0Cc1nainIgGA9I8/getUpdates "HTTP/1.1 200 OK"
2025-03-17 14:32:07,132 - INFO - HTTP Request: POST https://api.telegram.org/bot7485656740:AAFZKdSJ44I-2c72wcsu0Cc1nainIgGA9I8/getUpdates "HTTP/1.1 200 OK"
2025-03-17 14:32:17,206 - INFO - HTTP Request: POST https://api.telegram.org/bot7485656740:AAFZKdSJ44I-2c72wcsu0Cc1nainIgGA9I8/getUpdates "HTTP/1.1 200 OK"
2025-03-17 14:32:27,316 - INFO - HTTP Request: POST https://api.telegram.org/bot7485656740:AAFZKdSJ44I-2c72wcsu0Cc1nainIgGA9I8/getUpdates "HTTP/1.1 200 OK"
2025-03-17 14:32:37,387 - INFO - HTTP Request: POST https://api.telegram.org/bot7485656740:AAFZKdSJ44I-2c72wcsu0Cc1nainIgGA9I8/getUpdates "HTTP/1.1 200 OK"
2025-03-17 14:32:47,452 - INFO - HTTP Request: POST https://api.telegram.org/bot7485656740:AAFZKdSJ44I-2c72wcsu0Cc1nainIgGA9I8/getUpdates "HTTP/1.1 200 OK"
2025-03-17 14:32:57,519 - INFO - HTTP Request: POST https://api.telegram.org/bot7485656740:AAFZKdSJ44I-2c72wcsu0Cc1nainIgGA9I8/getUpdates "HTTP/1.1 200 OK"
2025-03-17 14:33:07,585 - INFO - HTTP Request: POST https://api.telegram.org/bot7485656740:AAFZKdSJ44I-2c72wcsu0Cc1nainIgGA9I8/getUpdates "HTTP/1.1 200 OK"
2025-03-17 14:33:17,651 - INFO - HTTP Request: POST https://api.telegram.org/bot7485656740:AAFZKdSJ44I-2c72wcsu0Cc1nainIgGA9I8/getUpdates "HTTP/1.1 200 OK"
2025-03-17 14:33:27,716 - INFO - HTTP Request: POST https://api.telegram.org/bot7485656740:AAFZKdSJ44I-2c72wcsu0Cc1nainIgGA9I8/getUpdates "HTTP/1.1 200 OK"
2025-03-17 14:33:37,779 - INFO - HTTP Request: POST https://api.telegram.org/bot7485656740:AAFZKdSJ44I-2c72wcsu0Cc1nainIgGA9I8/getUpdates "HTTP/1.1 200 OK"
2025-03-17 14:33:47,867 - INFO - HTTP Request: POST https://api.telegram.org/bot7485656740:AAFZKdSJ44I-2c72wcsu0Cc1nainIgGA9I8/getUpdates "HTTP/1.1 200 OK"
2025-03-17 14:33:57,952 - INFO - HTTP Request: POST https://api.telegram.org/bot7485656740:AAFZKdSJ44I-2c72wcsu0Cc1nainIgGA9I8/getUpdates "HTTP/1.1 200 OK"
2025-03-17 14:34:08,018 - INFO - HTTP Request: POST https://api.telegram.org/bot7485656740:AAFZKdSJ44I-2c72wcsu0Cc1nainIgGA9I8/getUpdates "HTTP/1.1 200 OK"
2025-03-17 14:34:18,081 - INFO - HTTP Request: POST https://api.telegram.org/bot7485656740:AAFZKdSJ44I-2c72wcsu0Cc1nainIgGA9I8/getUpdates "HTTP/1.1 200 OK"
2025-03-17 14:34:28,196 - INFO - HTTP Request: POST https://api.telegram.org/bot7485656740:AAFZKdSJ44I-2c72wcsu0Cc1nainIgGA9I8/getUpdates "HTTP/1.1 200 OK"
2025-03-17 14:34:38,304 - INFO - HTTP Request: POST https://api.telegram.org/bot7485656740:AAFZKdSJ44I-2c72wcsu0Cc1nainIgGA9I8/getUpdates "HTTP/1.1 200 OK"
2025-03-17 14:34:48,369 - INFO - HTTP Request: POST https://api.telegram.org/bot7485656740:AAFZKdSJ44I-2c72wcsu0Cc1nainIgGA9I8/getUpdates "HTTP/1.1 200 OK"
2025-03-17 14:34:58,443 - INFO - HTTP Request: POST https://api.telegram.org/bot7485656740:AAFZKdSJ44I-2c72wcsu0Cc1nainIgGA9I8/getUpdates "HTTP/1.1 200 OK"
2025-03-17 14:35:08,507 - INFO - HTTP Request: POST https://api.telegram.org/bot7485656740:AAFZKdSJ44I-2c72wcsu0Cc1nainIgGA9I8/getUpdates "HTTP/1.1 200 OK"
2025-03-17 14:35:18,581 - INFO - HTTP Request: POST https://api.telegram.org/bot7485656740:AAFZKdSJ44I-2c72wcsu0Cc1nainIgGA9I8/getUpdates "HTTP/1.1 200 OK"
2025-03-17 14:35:28,647 - INFO - HTTP Request: POST https://api.telegram.org/bot7485656740:AAFZKdSJ44I-2c72wcsu0Cc1nainIgGA9I8/getUpdates "HTTP/1.1 200 OK"
2025-03-17 14:35:38,711 - INFO - HTTP Request: POST https://api.telegram.org/bot7485656740:AAFZKdSJ44I-2c72wcsu0Cc1nainIgGA9I8/getUpdates "HTTP/1.1 200 OK"
2025-03-17 14:35:48,807 - INFO - HTTP Request: POST https://api.telegram.org/bot7485656740:AAFZKdSJ44I-2c72wcsu0Cc1nainIgGA9I8/getUpdates "HTTP/1.1 200 OK"
2025-03-17 14:35:58,898 - INFO - HTTP Request: POST https://api.telegram.org/bot7485656740:AAFZKdSJ44I-2c72wcsu0Cc1nainIgGA9I8/getUpdates "HTTP/1.1 200 OK"
2025-03-17 14:36:08,996 - INFO - HTTP Request: POST https://api.telegram.org/bot7485656740:AAFZKdSJ44I-2c72wcsu0Cc1nainIgGA9I8/getUpdates "HTTP/1.1 200 OK"
2025-03-17 14:36:19,096 - INFO - HTTP Request: POST https://api.telegram.org/bot7485656740:AAFZKdSJ44I-2c72wcsu0Cc1nainIgGA9I8/getUpdates "HTTP/1.1 200 OK"
2025-03-17 14:36:29,190 - INFO - HTTP Request: POST https://api.telegram.org/bot7485656740:AAFZKdSJ44I-2c72wcsu0Cc1nainIgGA9I8/getUpdates "HTTP/1.1 200 OK"
2025-03-17 14:36:39,265 - INFO - HTTP Request: POST https://api.telegram.org/bot7485656740:AAFZKdSJ44I-2c72wcsu0Cc1nainIgGA9I8/getUpdates "HTTP/1.1 200 OK"
2025-03-17 14:36:49,380 - INFO - HTTP Request: POST https://api.telegram.org/bot7485656740:AAFZKdSJ44I-2c72wcsu0Cc1nainIgGA9I8/getUpdates "HTTP/1.1 200 OK"
2025-03-17 14:36:59,447 - INFO - HTTP Request: POST https://api.telegram.org/bot7485656740:AAFZKdSJ44I-2c72wcsu0Cc1nainIgGA9I8/getUpdates "HTTP/1.1 200 OK"
2025-03-17 14:37:09,543 - INFO - HTTP Request: POST https://api.telegram.org/bot7485656740:AAFZKdSJ44I-2c72wcsu0Cc1nainIgGA9I8/getUpdates "HTTP/1.1 200 OK"
2025-03-17 14:37:19,659 - INFO - HTTP Request: POST https://api.telegram.org/bot7485656740:AAFZKdSJ44I-2c72wcsu0Cc1nainIgGA9I8/getUpdates "HTTP/1.1 200 OK"
2025-03-17 14:37:29,763 - INFO - HTTP Request: POST https://api.telegram.org/bot7485656740:AAFZKdSJ44I-2c72wcsu0Cc1nainIgGA9I8/getUpdates "HTTP/1.1 200 OK"
2025-03-17 14:37:39,980 - INFO - HTTP Request: POST https://api.telegram.org/bot7485656740:AAFZKdSJ44I-2c72wcsu0Cc1nainIgGA9I8/getUpdates "HTTP/1.1 200 OK"
2025-03-17 14:37:54,326 - INFO - HTTP Request: POST https://api.telegram.org/bot7485656740:AAFZKdSJ44I-2c72wcsu0Cc1nainIgGA9I8/getMe "HTTP/1.1 200 OK"
2025-03-17 14:37:54,377 - INFO - HTTP Request: POST https://api.telegram.org/bot7485656740:AAFZKdSJ44I-2c72wcsu0Cc1nainIgGA9I8/deleteWebhook "HTTP/1.1 200 OK"
2025-03-17 14:37:54,384 - INFO - Application started
2025-03-17 14:38:01,910 - INFO - HTTP Request: POST https://api.telegram.org/bot7485656740:AAFZKdSJ44I-2c72wcsu0Cc1nainIgGA9I8/getUpdates "HTTP/1.1 200 OK"
2025-03-17 14:38:02,120 - INFO - HTTP Request: POST https://api.telegram.org/bot7485656740:AAFZKdSJ44I-2c72wcsu0Cc1nainIgGA9I8/sendMessage "HTTP/1.1 200 OK"
2025-03-17 14:38:03,942 - INFO - HTTP Request: POST https://api.telegram.org/bot7485656740:AAFZKdSJ44I-2c72wcsu0Cc1nainIgGA9I8/getUpdates "HTTP/1.1 200 OK"
2025-03-17 14:38:04,056 - INFO - HTTP Request: POST https://api.telegram.org/bot7485656740:AAFZKdSJ44I-2c72wcsu0Cc1nainIgGA9I8/answerCallbackQuery "HTTP/1.1 200 OK"
2025-03-17 14:38:04,230 - INFO - HTTP Request: POST https://api.telegram.org/bot7485656740:AAFZKdSJ44I-2c72wcsu0Cc1nainIgGA9I8/sendMessage "HTTP/1.1 200 OK"
2025-03-17 14:39:18,053 - INFO - Данные успешно загружены из файла.
2025-03-17 14:39:18,062 - INFO - HTTP Request: POST https://api.telegram.org/bot7485656740:AAFZKdSJ44I-2c72wcsu0Cc1nainIgGA9I8/getUpdates "HTTP/1.1 200 OK"
2025-03-17 14:39:18,315 - INFO - HTTP Request: POST https://api.telegram.org/bot7485656740:AAFZKdSJ44I-2c72wcsu0Cc1nainIgGA9I8/sendMessage "HTTP/1.1 200 OK"
2025-03-17 14:39:18,323 - INFO - Файл соответствия парковок успешно прочитан. Количество маршрутов: 64
2025-03-17 14:39:18,332 - INFO - Данные о парковках успешно загружены.
2025-03-17 14:39:18,512 - INFO - HTTP Request: POST https://api.telegram.org/bot7485656740:AAFZKdSJ44I-2c72wcsu0Cc1nainIgGA9I8/sendMessage "HTTP/1.1 200 OK"
2025-03-17 14:39:18,545 - INFO - Файл соответствия перевозчиков успешно прочитан. Количество маршрутов: 46
2025-03-17 14:39:18,564 - INFO - Данные о перевозчиках успешно загружены.
2025-03-17 14:39:18,788 - INFO - HTTP Request: POST https://api.telegram.org/bot7485656740:AAFZKdSJ44I-2c72wcsu0Cc1nainIgGA9I8/sendMessage "HTTP/1.1 200 OK"
2025-03-17 14:39:19,002 - INFO - HTTP Request: POST https://api.telegram.org/bot7485656740:AAFZKdSJ44I-2c72wcsu0Cc1nainIgGA9I8/sendMessage "HTTP/1.1 200 OK"
2025-03-17 14:39:19,037 - INFO - Файл сохранен: C:\Users\Administrator\Desktop\BOToWARnyPRIMEIT\BOTANAL(auto)\data\Путевые листы поставщиков (15).xlsx
2025-03-17 14:39:20,901 - INFO - HTTP Request: POST https://api.telegram.org/bot7485656740:AAFZKdSJ44I-2c72wcsu0Cc1nainIgGA9I8/getUpdates "HTTP/1.1 200 OK"
2025-03-17 14:39:20,997 - INFO - HTTP Request: POST https://api.telegram.org/bot7485656740:AAFZKdSJ44I-2c72wcsu0Cc1nainIgGA9I8/sendMessage "HTTP/1.1 200 OK"
2025-03-17 14:39:27,132 - INFO - HTTP Request: POST https://api.telegram.org/bot7485656740:AAFZKdSJ44I-2c72wcsu0Cc1nainIgGA9I8/getUpdates "HTTP/1.1 200 OK"
2025-03-17 14:39:27,349 - INFO - HTTP Request: POST https://api.telegram.org/bot7485656740:AAFZKdSJ44I-2c72wcsu0Cc1nainIgGA9I8/sendMessage "HTTP/1.1 200 OK"
2025-03-17 14:39:37,230 - INFO - HTTP Request: POST https://api.telegram.org/bot7485656740:AAFZKdSJ44I-2c72wcsu0Cc1nainIgGA9I8/getUpdates "HTTP/1.1 200 OK"
2025-03-17 14:39:47,319 - INFO - HTTP Request: POST https://api.telegram.org/bot7485656740:AAFZKdSJ44I-2c72wcsu0Cc1nainIgGA9I8/getUpdates "HTTP/1.1 200 OK"
2025-03-17 14:39:57,394 - INFO - HTTP Request: POST https://api.telegram.org/bot7485656740:AAFZKdSJ44I-2c72wcsu0Cc1nainIgGA9I8/getUpdates "HTTP/1.1 200 OK"
2025-03-17 14:40:07,465 - INFO - HTTP Request: POST https://api.telegram.org/bot7485656740:AAFZKdSJ44I-2c72wcsu0Cc1nainIgGA9I8/getUpdates "HTTP/1.1 200 OK"
2025-03-17 14:40:17,534 - INFO - HTTP Request: POST https://api.telegram.org/bot7485656740:AAFZKdSJ44I-2c72wcsu0Cc1nainIgGA9I8/getUpdates "HTTP/1.1 200 OK"
2025-03-17 14:40:27,601 - INFO - HTTP Request: POST https://api.telegram.org/bot7485656740:AAFZKdSJ44I-2c72wcsu0Cc1nainIgGA9I8/getUpdates "HTTP/1.1 200 OK"
2025-03-17 14:40:37,707 - INFO - HTTP Request: POST https://api.telegram.org/bot7485656740:AAFZKdSJ44I-2c72wcsu0Cc1nainIgGA9I8/getUpdates "HTTP/1.1 200 OK"
2025-03-17 14:40:47,813 - INFO - HTTP Request: POST https://api.telegram.org/bot7485656740:AAFZKdSJ44I-2c72wcsu0Cc1nainIgGA9I8/getUpdates "HTTP/1.1 200 OK"
2025-03-17 14:40:57,916 - INFO - HTTP Request: POST https://api.telegram.org/bot7485656740:AAFZKdSJ44I-2c72wcsu0Cc1nainIgGA9I8/getUpdates "HTTP/1.1 200 OK"
2025-03-17 14:41:08,012 - INFO - HTTP Request: POST https://api.telegram.org/bot7485656740:AAFZKdSJ44I-2c72wcsu0Cc1nainIgGA9I8/getUpdates "HTTP/1.1 200 OK"
2025-03-17 14:41:18,078 - INFO - HTTP Request: POST https://api.telegram.org/bot7485656740:AAFZKdSJ44I-2c72wcsu0Cc1nainIgGA9I8/getUpdates "HTTP/1.1 200 OK"
2025-03-17 14:41:28,156 - INFO - HTTP Request: POST https://api.telegram.org/bot7485656740:AAFZKdSJ44I-2c72wcsu0Cc1nainIgGA9I8/getUpdates "HTTP/1.1 200 OK"
2025-03-17 14:41:38,239 - INFO - HTTP Request: POST https://api.telegram.org/bot7485656740:AAFZKdSJ44I-2c72wcsu0Cc1nainIgGA9I8/getUpdates "HTTP/1.1 200 OK"
2025-03-17 14:41:48,324 - INFO - HTTP Request: POST https://api.telegram.org/bot7485656740:AAFZKdSJ44I-2c72wcsu0Cc1nainIgGA9I8/getUpdates "HTTP/1.1 200 OK"
2025-03-17 14:41:58,442 - INFO - HTTP Request: POST https://api.telegram.org/bot7485656740:AAFZKdSJ44I-2c72wcsu0Cc1nainIgGA9I8/getUpdates "HTTP/1.1 200 OK"
2025-03-17 14:42:08,539 - INFO - HTTP Request: POST https://api.telegram.org/bot7485656740:AAFZKdSJ44I-2c72wcsu0Cc1nainIgGA9I8/getUpdates "HTTP/1.1 200 OK"
2025-03-17 14:42:18,631 - INFO - HTTP Request: POST https://api.telegram.org/bot7485656740:AAFZKdSJ44I-2c72wcsu0Cc1nainIgGA9I8/getUpdates "HTTP/1.1 200 OK"
2025-03-17 14:42:28,706 - INFO - HTTP Request: POST https://api.telegram.org/bot7485656740:AAFZKdSJ44I-2c72wcsu0Cc1nainIgGA9I8/getUpdates "HTTP/1.1 200 OK"
2025-03-17 14:42:38,823 - INFO - HTTP Request: POST https://api.telegram.org/bot7485656740:AAFZKdSJ44I-2c72wcsu0Cc1nainIgGA9I8/getUpdates "HTTP/1.1 200 OK"
2025-03-17 14:42:48,890 - INFO - HTTP Request: POST https://api.telegram.org/bot7485656740:AAFZKdSJ44I-2c72wcsu0Cc1nainIgGA9I8/getUpdates "HTTP/1.1 200 OK"
2025-03-17 14:42:58,954 - INFO - HTTP Request: POST https://api.telegram.org/bot7485656740:AAFZKdSJ44I-2c72wcsu0Cc1nainIgGA9I8/getUpdates "HTTP/1.1 200 OK"
2025-03-17 14:43:09,019 - INFO - HTTP Request: POST https://api.telegram.org/bot7485656740:AAFZKdSJ44I-2c72wcsu0Cc1nainIgGA9I8/getUpdates "HTTP/1.1 200 OK"
2025-03-17 14:43:19,135 - INFO - HTTP Request: POST https://api.telegram.org/bot7485656740:AAFZKdSJ44I-2c72wcsu0Cc1nainIgGA9I8/getUpdates "HTTP/1.1 200 OK"
2025-03-17 14:43:29,205 - INFO - HTTP Request: POST https://api.telegram.org/bot7485656740:AAFZKdSJ44I-2c72wcsu0Cc1nainIgGA9I8/getUpdates "HTTP/1.1 200 OK"
2025-03-17 14:43:39,273 - INFO - HTTP Request: POST https://api.telegram.org/bot7485656740:AAFZKdSJ44I-2c72wcsu0Cc1nainIgGA9I8/getUpdates "HTTP/1.1 200 OK"
2025-03-17 14:43:49,388 - INFO - HTTP Request: POST https://api.telegram.org/bot7485656740:AAFZKdSJ44I-2c72wcsu0Cc1nainIgGA9I8/getUpdates "HTTP/1.1 200 OK"
2025-03-17 14:43:59,459 - INFO - HTTP Request: POST https://api.telegram.org/bot7485656740:AAFZKdSJ44I-2c72wcsu0Cc1nainIgGA9I8/getUpdates "HTTP/1.1 200 OK"
2025-03-17 14:44:09,573 - INFO - HTTP Request: POST https://api.telegram.org/bot7485656740:AAFZKdSJ44I-2c72wcsu0Cc1nainIgGA9I8/getUpdates "HTTP/1.1 200 OK"
2025-03-17 14:44:19,663 - INFO - HTTP Request: POST https://api.telegram.org/bot7485656740:AAFZKdSJ44I-2c72wcsu0Cc1nainIgGA9I8/getUpdates "HTTP/1.1 200 OK"
2025-03-17 14:44:29,728 - INFO - HTTP Request: POST https://api.telegram.org/bot7485656740:AAFZKdSJ44I-2c72wcsu0Cc1nainIgGA9I8/getUpdates "HTTP/1.1 200 OK"
2025-03-17 14:44:39,797 - INFO - HTTP Request: POST https://api.telegram.org/bot7485656740:AAFZKdSJ44I-2c72wcsu0Cc1nainIgGA9I8/getUpdates "HTTP/1.1 200 OK"
2025-03-17 14:44:49,909 - INFO - HTTP Request: POST https://api.telegram.org/bot7485656740:AAFZKdSJ44I-2c72wcsu0Cc1nainIgGA9I8/getUpdates "HTTP/1.1 200 OK"
2025-03-17 14:45:00,012 - INFO - HTTP Request: POST https://api.telegram.org/bot7485656740:AAFZKdSJ44I-2c72wcsu0Cc1nainIgGA9I8/getUpdates "HTTP/1.1 200 OK"
2025-03-17 14:45:10,115 - INFO - HTTP Request: POST https://api.telegram.org/bot7485656740:AAFZKdSJ44I-2c72wcsu0Cc1nainIgGA9I8/getUpdates "HTTP/1.1 200 OK"
2025-03-17 14:45:20,207 - INFO - HTTP Request: POST https://api.telegram.org/bot7485656740:AAFZKdSJ44I-2c72wcsu0Cc1nainIgGA9I8/getUpdates "HTTP/1.1 200 OK"
2025-03-17 14:45:30,286 - INFO - HTTP Request: POST https://api.telegram.org/bot7485656740:AAFZKdSJ44I-2c72wcsu0Cc1nainIgGA9I8/getUpdates "HTTP/1.1 200 OK"
