2025-03-26 12:50:33,572 - INFO - Бот запущен...
2025-03-26 12:50:35,389 - INFO - HTTP Request: POST https://api.telegram.org/bot7485656740:AAFZKdSJ44I-2c72wcsu0Cc1nainIgGA9I8/getMe "HTTP/1.1 200 OK"
2025-03-26 12:50:35,470 - INFO - HTTP Request: POST https://api.telegram.org/bot7485656740:AAFZKdSJ44I-2c72wcsu0Cc1nainIgGA9I8/deleteWebhook "HTTP/1.1 200 OK"
2025-03-26 12:50:35,505 - INFO - Application started
2025-03-26 17:21:02,567 - INFO - Бот запущен...
2025-03-26 17:21:03,517 - INFO - HTTP Request: POST https://api.telegram.org/bot7485656740:AAFZKdSJ44I-2c72wcsu0Cc1nainIgGA9I8/getMe "HTTP/1.1 200 OK"
2025-03-26 17:21:03,662 - INFO - HTTP Request: POST https://api.telegram.org/bot7485656740:AAFZKdSJ44I-2c72wcsu0Cc1nainIgGA9I8/deleteWebhook "HTTP/1.1 200 OK"
2025-03-26 17:21:03,731 - INFO - Application started
2025-03-26 17:21:09,666 - INFO - HTTP Request: POST https://api.telegram.org/bot7485656740:AAFZKdSJ44I-2c72wcsu0Cc1nainIgGA9I8/getUpdates "HTTP/1.1 200 OK"
2025-03-26 17:21:09,985 - INFO - HTTP Request: POST https://api.telegram.org/bot7485656740:AAFZKdSJ44I-2c72wcsu0Cc1nainIgGA9I8/sendMessage "HTTP/1.1 200 OK"
2025-03-26 17:21:12,581 - INFO - HTTP Request: POST https://api.telegram.org/bot7485656740:AAFZKdSJ44I-2c72wcsu0Cc1nainIgGA9I8/getUpdates "HTTP/1.1 200 OK"
2025-03-26 17:21:12,736 - INFO - HTTP Request: POST https://api.telegram.org/bot7485656740:AAFZKdSJ44I-2c72wcsu0Cc1nainIgGA9I8/answerCallbackQuery "HTTP/1.1 200 OK"
2025-03-26 17:21:12,867 - INFO - HTTP Request: POST https://api.telegram.org/bot7485656740:AAFZKdSJ44I-2c72wcsu0Cc1nainIgGA9I8/sendMessage "HTTP/1.1 200 OK"
2025-03-26 17:21:19,377 - INFO - Загруженные данные:
  Штраф  Штраф на рассмотрении  ...  Контейнеры  Отметки
0    Да                    NaN  ...           0     True
1   NaN                    NaN  ...           0     True
2    Да                    NaN  ...           0     True
3   NaN                    NaN  ...           0     True
4    Да                    NaN  ...           0     True

[5 rows x 28 columns]
2025-03-26 17:21:19,589 - ERROR - Ошибка в функции load_excel_data: object str can't be used in 'await' expression
Traceback (most recent call last):
  File "C:\Users\Administrator\Desktop\BOToWARnyPRIMEIT\BOTANAL(auto)\Аналитик v.0.4.py", line 56, in wrapper
    return await func(*args, **kwargs)
           ^^^^^^^^^^^^^^^^^^^^^^^^^^^
TypeError: object str can't be used in 'await' expression
2025-03-26 17:21:19,885 - INFO - HTTP Request: POST https://api.telegram.org/bot7485656740:AAFZKdSJ44I-2c72wcsu0Cc1nainIgGA9I8/editMessageText "HTTP/1.1 400 Bad Request"
2025-03-26 17:21:19,994 - ERROR - Ошибка при скачивании или обработке файла: Message text is empty
2025-03-26 17:21:20,207 - INFO - HTTP Request: POST https://api.telegram.org/bot7485656740:AAFZKdSJ44I-2c72wcsu0Cc1nainIgGA9I8/editMessageText "HTTP/1.1 200 OK"
2025-03-26 17:21:22,706 - INFO - HTTP Request: POST https://api.telegram.org/bot7485656740:AAFZKdSJ44I-2c72wcsu0Cc1nainIgGA9I8/getUpdates "HTTP/1.1 200 OK"
2025-03-26 17:21:32,787 - INFO - HTTP Request: POST https://api.telegram.org/bot7485656740:AAFZKdSJ44I-2c72wcsu0Cc1nainIgGA9I8/getUpdates "HTTP/1.1 200 OK"
2025-03-26 17:21:42,926 - INFO - HTTP Request: POST https://api.telegram.org/bot7485656740:AAFZKdSJ44I-2c72wcsu0Cc1nainIgGA9I8/getUpdates "HTTP/1.1 200 OK"
2025-03-26 17:21:53,030 - INFO - HTTP Request: POST https://api.telegram.org/bot7485656740:AAFZKdSJ44I-2c72wcsu0Cc1nainIgGA9I8/getUpdates "HTTP/1.1 200 OK"
2025-03-26 17:22:03,116 - INFO - HTTP Request: POST https://api.telegram.org/bot7485656740:AAFZKdSJ44I-2c72wcsu0Cc1nainIgGA9I8/getUpdates "HTTP/1.1 200 OK"
2025-03-26 17:22:13,233 - INFO - HTTP Request: POST https://api.telegram.org/bot7485656740:AAFZKdSJ44I-2c72wcsu0Cc1nainIgGA9I8/getUpdates "HTTP/1.1 200 OK"
2025-03-26 17:22:23,327 - INFO - HTTP Request: POST https://api.telegram.org/bot7485656740:AAFZKdSJ44I-2c72wcsu0Cc1nainIgGA9I8/getUpdates "HTTP/1.1 200 OK"
2025-03-26 17:22:33,438 - INFO - HTTP Request: POST https://api.telegram.org/bot7485656740:AAFZKdSJ44I-2c72wcsu0Cc1nainIgGA9I8/getUpdates "HTTP/1.1 200 OK"
2025-03-26 17:22:43,570 - INFO - HTTP Request: POST https://api.telegram.org/bot7485656740:AAFZKdSJ44I-2c72wcsu0Cc1nainIgGA9I8/getUpdates "HTTP/1.1 200 OK"
2025-03-26 17:22:53,728 - INFO - HTTP Request: POST https://api.telegram.org/bot7485656740:AAFZKdSJ44I-2c72wcsu0Cc1nainIgGA9I8/getUpdates "HTTP/1.1 200 OK"
2025-03-26 17:23:03,826 - INFO - HTTP Request: POST https://api.telegram.org/bot7485656740:AAFZKdSJ44I-2c72wcsu0Cc1nainIgGA9I8/getUpdates "HTTP/1.1 200 OK"
2025-03-26 17:23:04,818 - INFO - HTTP Request: POST https://api.telegram.org/bot7485656740:AAFZKdSJ44I-2c72wcsu0Cc1nainIgGA9I8/getUpdates "HTTP/1.1 200 OK"
2025-03-26 17:23:05,169 - INFO - HTTP Request: POST https://api.telegram.org/bot7485656740:AAFZKdSJ44I-2c72wcsu0Cc1nainIgGA9I8/answerCallbackQuery "HTTP/1.1 200 OK"
2025-03-26 17:23:05,421 - INFO - HTTP Request: POST https://api.telegram.org/bot7485656740:AAFZKdSJ44I-2c72wcsu0Cc1nainIgGA9I8/sendMessage "HTTP/1.1 200 OK"
2025-03-26 17:23:05,797 - INFO - Загруженные данные:
  Штраф  Штраф на рассмотрении  ...  Контейнеры  Отметки
0    Да                    NaN  ...           0     True
1   NaN                    NaN  ...           0     True
2    Да                    NaN  ...           0     True
3   NaN                    NaN  ...           0     True
4    Да                    NaN  ...           0     True

[5 rows x 28 columns]
2025-03-26 17:23:06,026 - ERROR - Ошибка в функции load_excel_data: object str can't be used in 'await' expression
Traceback (most recent call last):
  File "C:\Users\Administrator\Desktop\BOToWARnyPRIMEIT\BOTANAL(auto)\Аналитик v.0.4.py", line 56, in wrapper
    return await func(*args, **kwargs)
           ^^^^^^^^^^^^^^^^^^^^^^^^^^^
TypeError: object str can't be used in 'await' expression
2025-03-26 17:23:06,196 - INFO - HTTP Request: POST https://api.telegram.org/bot7485656740:AAFZKdSJ44I-2c72wcsu0Cc1nainIgGA9I8/editMessageText "HTTP/1.1 400 Bad Request"
2025-03-26 17:23:06,260 - ERROR - Ошибка при скачивании или обработке файла: Message text is empty
2025-03-26 17:23:06,374 - INFO - HTTP Request: POST https://api.telegram.org/bot7485656740:AAFZKdSJ44I-2c72wcsu0Cc1nainIgGA9I8/editMessageText "HTTP/1.1 200 OK"
2025-03-26 17:23:14,971 - INFO - HTTP Request: POST https://api.telegram.org/bot7485656740:AAFZKdSJ44I-2c72wcsu0Cc1nainIgGA9I8/getUpdates "HTTP/1.1 200 OK"
2025-03-26 17:23:19,952 - INFO - HTTP Request: POST https://api.telegram.org/bot7485656740:AAFZKdSJ44I-2c72wcsu0Cc1nainIgGA9I8/getUpdates "HTTP/1.1 200 OK"
2025-03-26 17:23:20,258 - INFO - HTTP Request: POST https://api.telegram.org/bot7485656740:AAFZKdSJ44I-2c72wcsu0Cc1nainIgGA9I8/answerCallbackQuery "HTTP/1.1 200 OK"
2025-03-26 17:23:20,429 - INFO - HTTP Request: POST https://api.telegram.org/bot7485656740:AAFZKdSJ44I-2c72wcsu0Cc1nainIgGA9I8/sendMessage "HTTP/1.1 200 OK"
2025-03-26 17:23:20,744 - INFO - Загруженные данные:
  Штраф  Штраф на рассмотрении  ...  Контейнеры  Отметки
0    Да                    NaN  ...           0     True
1   NaN                    NaN  ...           0     True
2    Да                    NaN  ...           0     True
3   NaN                    NaN  ...           0     True
4    Да                    NaN  ...           0     True

[5 rows x 28 columns]
2025-03-26 17:23:20,819 - ERROR - Ошибка в функции load_excel_data: object str can't be used in 'await' expression
Traceback (most recent call last):
  File "C:\Users\Administrator\Desktop\BOToWARnyPRIMEIT\BOTANAL(auto)\Аналитик v.0.4.py", line 56, in wrapper
    return await func(*args, **kwargs)
           ^^^^^^^^^^^^^^^^^^^^^^^^^^^
TypeError: object str can't be used in 'await' expression
2025-03-26 17:23:20,927 - INFO - HTTP Request: POST https://api.telegram.org/bot7485656740:AAFZKdSJ44I-2c72wcsu0Cc1nainIgGA9I8/editMessageText "HTTP/1.1 400 Bad Request"
2025-03-26 17:23:21,046 - ERROR - Ошибка при скачивании или обработке файла: Message text is empty
2025-03-26 17:23:21,221 - INFO - HTTP Request: POST https://api.telegram.org/bot7485656740:AAFZKdSJ44I-2c72wcsu0Cc1nainIgGA9I8/editMessageText "HTTP/1.1 200 OK"
2025-03-26 17:23:30,095 - INFO - HTTP Request: POST https://api.telegram.org/bot7485656740:AAFZKdSJ44I-2c72wcsu0Cc1nainIgGA9I8/getUpdates "HTTP/1.1 200 OK"
